<?xml version="1.0" encoding="UTF-8"?>
<testng-results ignored="0" total="1" passed="1" failed="0" skipped="0">
  <reporter-output>
  </reporter-output>
  <suite started-at="2022-02-11T20:16:57 BDT" name="Default suite" finished-at="2022-02-11T20:18:09 BDT" duration-ms="72506">
    <groups>
    </groups>
    <test started-at="2022-02-11T20:16:57 BDT" name="Default test" finished-at="2022-02-11T20:18:09 BDT" duration-ms="72506">
      <class name="testCases.demosite">
        <test-method signature="APIdemosite()[pri:0, instance:testCases.demosite@7e5afaa6]" started-at="2022-02-11T20:16:57 BDT" name="APIdemosite" finished-at="2022-02-11T20:18:09 BDT" duration-ms="72458" status="PASS">
          <reporter-output>
          </reporter-output>
        </test-method> <!-- APIdemosite -->
      </class> <!-- testCases.demosite -->
    </test> <!-- Default test -->
  </suite> <!-- Default suite -->
</testng-results>
